D:\MYROBOTGROUP\亞伶\GRAVITYCOMPENSATION\GRAVITYCOMPENSATION\DEBUG\INITIALIZATION.OBJ
D:\MYROBOTGROUP\亞伶\GRAVITYCOMPENSATION\GRAVITYCOMPENSATION\DEBUG\MAIN.OBJ
D:\MYROBOTGROUP\亞伶\GRAVITYCOMPENSATION\GRAVITYCOMPENSATION\DEBUG\MOTIONCARD.OBJ
D:\MYROBOTGROUP\亞伶\GRAVITYCOMPENSATION\GRAVITYCOMPENSATION\DEBUG\MYROBOT_ASYNCSERIAL.OBJ
D:\MYROBOTGROUP\亞伶\GRAVITYCOMPENSATION\GRAVITYCOMPENSATION\DEBUG\MYROBOT_DRVCOMUNICATE.OBJ
D:\MYROBOTGROUP\亞伶\GRAVITYCOMPENSATION\GRAVITYCOMPENSATION\DEBUG\MYROBOT_PROTOCOL.OBJ
D:\MYROBOTGROUP\亞伶\GRAVITYCOMPENSATION\GRAVITYCOMPENSATION\DEBUG\PROTECTION.OBJ
D:\MYROBOTGROUP\亞伶\GRAVITYCOMPENSATION\GRAVITYCOMPENSATION\DEBUG\ROBOTMODEL.OBJ
D:\MYROBOTGROUP\亞伶\GRAVITYCOMPENSATION\GRAVITYCOMPENSATION\DEBUG\SAVEDATA.OBJ
D:\MYROBOTGROUP\亞伶\GRAVITYCOMPENSATION\GRAVITYCOMPENSATION\DEBUG\STDAFX.OBJ
D:\MYROBOTGROUP\亞伶\GRAVITYCOMPENSATION\GRAVITYCOMPENSATION\DEBUG\TOOLBOX.OBJ
D:\MYROBOTGROUP\亞伶\GRAVITYCOMPENSATION\GRAVITYCOMPENSATION\DEBUG\VC110.PDB
D:\MYROBOTGROUP\亞伶\GRAVITYCOMPENSATION\DEBUG\GRAVITYCOMPENSATION.ILK
D:\MYROBOTGROUP\亞伶\GRAVITYCOMPENSATION\DEBUG\GRAVITYCOMPENSATION.EXE
D:\MYROBOTGROUP\亞伶\GRAVITYCOMPENSATION\DEBUG\GRAVITYCOMPENSATION.PDB
D:\MyRobotGroup\亞伶\GravityCompensation\GravityCompensation\Debug\Initialization.obj
D:\MyRobotGroup\亞伶\GravityCompensation\GravityCompensation\Debug\Main.obj
D:\MyRobotGroup\亞伶\GravityCompensation\GravityCompensation\Debug\MotionCard.obj
D:\MyRobotGroup\亞伶\GravityCompensation\GravityCompensation\Debug\MyRobot_AsyncSerial.obj
D:\MyRobotGroup\亞伶\GravityCompensation\GravityCompensation\Debug\MyRobot_DrvComunicate.obj
D:\MyRobotGroup\亞伶\GravityCompensation\GravityCompensation\Debug\MyRobot_Protocol.obj
D:\MyRobotGroup\亞伶\GravityCompensation\GravityCompensation\Debug\Protection.obj
D:\MyRobotGroup\亞伶\GravityCompensation\GravityCompensation\Debug\RobotModel.obj
D:\MyRobotGroup\亞伶\GravityCompensation\GravityCompensation\Debug\SaveData.obj
D:\MyRobotGroup\亞伶\GravityCompensation\GravityCompensation\Debug\stdafx.obj
D:\MyRobotGroup\亞伶\GravityCompensation\GravityCompensation\Debug\Toolbox.obj
D:\MyRobotGroup\亞伶\GravityCompensation\GravityCompensation\Debug\cl.command.1.tlog
D:\MyRobotGroup\亞伶\GravityCompensation\GravityCompensation\Debug\CL.read.1.tlog
D:\MyRobotGroup\亞伶\GravityCompensation\GravityCompensation\Debug\CL.write.1.tlog
D:\MyRobotGroup\亞伶\GravityCompensation\GravityCompensation\Debug\link-cvtres.read.1.tlog
D:\MyRobotGroup\亞伶\GravityCompensation\GravityCompensation\Debug\link-cvtres.write.1.tlog
D:\MyRobotGroup\亞伶\GravityCompensation\GravityCompensation\Debug\link-rc.read.1.tlog
D:\MyRobotGroup\亞伶\GravityCompensation\GravityCompensation\Debug\link-rc.write.1.tlog
D:\MyRobotGroup\亞伶\GravityCompensation\GravityCompensation\Debug\link.command.1.tlog
D:\MyRobotGroup\亞伶\GravityCompensation\GravityCompensation\Debug\link.read.1.tlog
D:\MyRobotGroup\亞伶\GravityCompensation\GravityCompensation\Debug\link.write.1.tlog
D:\MyRobotGroup\亞伶\GravityCompensation\GravityCompensation\Debug\vc110.idb
D:\MyRobotGroup\亞伶\GravityCompensation\GravityCompensation\Debug\vc110.pdb
D:\MyRobotGroup\亞伶\GravityCompensation\Debug\GravityCompensation.pdb
D:\MyRobotGroup\亞伶\GravityCompensation\Debug\GravityCompensation.exe
D:\MyRobotGroup\亞伶\GravityCompensation\Debug\GravityCompensation.ilk
