D:\MYROBOTGROUP\亞伶\NOZZLE\NOZZLE\DEBUG\MAIN.OBJ
D:\MYROBOTGROUP\亞伶\NOZZLE\NOZZLE\DEBUG\MOTIONCARD.OBJ
D:\MYROBOTGROUP\亞伶\NOZZLE\NOZZLE\DEBUG\NOZZLE.OBJ
D:\MYROBOTGROUP\亞伶\NOZZLE\NOZZLE\DEBUG\VC110.PDB
D:\MYROBOTGROUP\亞伶\NOZZLE\DEBUG\NOZZLE.ILK
D:\MYROBOTGROUP\亞伶\NOZZLE\DEBUG\NOZZLE.EXE
D:\MYROBOTGROUP\亞伶\NOZZLE\DEBUG\NOZZLE.PDB
D:\MyRobotGroup\亞伶\Nozzle\Nozzle\Debug\Main.obj
D:\MyRobotGroup\亞伶\Nozzle\Nozzle\Debug\MotionCard.obj
D:\MyRobotGroup\亞伶\Nozzle\Nozzle\Debug\Nozzle.obj
D:\MyRobotGroup\亞伶\Nozzle\Nozzle\Debug\cl.command.1.tlog
D:\MyRobotGroup\亞伶\Nozzle\Nozzle\Debug\CL.read.1.tlog
D:\MyRobotGroup\亞伶\Nozzle\Nozzle\Debug\CL.write.1.tlog
D:\MyRobotGroup\亞伶\Nozzle\Nozzle\Debug\link-cvtres.read.1.tlog
D:\MyRobotGroup\亞伶\Nozzle\Nozzle\Debug\link-cvtres.write.1.tlog
D:\MyRobotGroup\亞伶\Nozzle\Nozzle\Debug\link-rc.read.1.tlog
D:\MyRobotGroup\亞伶\Nozzle\Nozzle\Debug\link-rc.write.1.tlog
D:\MyRobotGroup\亞伶\Nozzle\Nozzle\Debug\link.command.1.tlog
D:\MyRobotGroup\亞伶\Nozzle\Nozzle\Debug\link.read.1.tlog
D:\MyRobotGroup\亞伶\Nozzle\Nozzle\Debug\link.write.1.tlog
D:\MyRobotGroup\亞伶\Nozzle\Nozzle\Debug\vc110.idb
D:\MyRobotGroup\亞伶\Nozzle\Nozzle\Debug\vc110.pdb
D:\MyRobotGroup\亞伶\Nozzle\Debug\Nozzle.pdb
D:\MyRobotGroup\亞伶\Nozzle\Debug\Nozzle.exe
D:\MyRobotGroup\亞伶\Nozzle\Debug\Nozzle.ilk
