D:\MYROBOTGROUP\昶甫\PTPCONTROL\PTPCONTROL\DEBUG\CONTROL.OBJ
D:\MYROBOTGROUP\昶甫\PTPCONTROL\PTPCONTROL\DEBUG\INITIALIZATION.OBJ
D:\MYROBOTGROUP\昶甫\PTPCONTROL\PTPCONTROL\DEBUG\MAIN.OBJ
D:\MYROBOTGROUP\昶甫\PTPCONTROL\PTPCONTROL\DEBUG\MOTIONCARD.OBJ
D:\MYROBOTGROUP\昶甫\PTPCONTROL\PTPCONTROL\DEBUG\MYROBOT_ASYNCSERIAL.OBJ
D:\MYROBOTGROUP\昶甫\PTPCONTROL\PTPCONTROL\DEBUG\MYROBOT_DRVCOMUNICATE.OBJ
D:\MYROBOTGROUP\昶甫\PTPCONTROL\PTPCONTROL\DEBUG\MYROBOT_PROTOCOL.OBJ
D:\MYROBOTGROUP\昶甫\PTPCONTROL\PTPCONTROL\DEBUG\PROTECTION.OBJ
D:\MYROBOTGROUP\昶甫\PTPCONTROL\PTPCONTROL\DEBUG\PTP.OBJ
D:\MYROBOTGROUP\昶甫\PTPCONTROL\PTPCONTROL\DEBUG\ROBOTMODEL.OBJ
D:\MYROBOTGROUP\昶甫\PTPCONTROL\PTPCONTROL\DEBUG\SAVEDATA.OBJ
D:\MYROBOTGROUP\昶甫\PTPCONTROL\PTPCONTROL\DEBUG\STDAFX.OBJ
D:\MYROBOTGROUP\昶甫\PTPCONTROL\PTPCONTROL\DEBUG\TOOLBOX.OBJ
D:\MYROBOTGROUP\昶甫\PTPCONTROL\PTPCONTROL\DEBUG\VC110.PDB
D:\MYROBOTGROUP\昶甫\RESET\PTPCONTROL\DEBUG\CONTROL.OBJ
D:\MYROBOTGROUP\昶甫\RESET\PTPCONTROL\DEBUG\INITIALIZATION.OBJ
D:\MYROBOTGROUP\昶甫\RESET\PTPCONTROL\DEBUG\MAIN.OBJ
D:\MYROBOTGROUP\昶甫\RESET\PTPCONTROL\DEBUG\MOTIONCARD.OBJ
D:\MYROBOTGROUP\昶甫\RESET\PTPCONTROL\DEBUG\MYROBOT_ASYNCSERIAL.OBJ
D:\MYROBOTGROUP\昶甫\RESET\PTPCONTROL\DEBUG\MYROBOT_DRVCOMUNICATE.OBJ
D:\MYROBOTGROUP\昶甫\RESET\PTPCONTROL\DEBUG\MYROBOT_PROTOCOL.OBJ
D:\MYROBOTGROUP\昶甫\RESET\PTPCONTROL\DEBUG\PROTECTION.OBJ
D:\MYROBOTGROUP\昶甫\RESET\PTPCONTROL\DEBUG\PTP.OBJ
D:\MYROBOTGROUP\昶甫\RESET\PTPCONTROL\DEBUG\ROBOTMODEL.OBJ
D:\MYROBOTGROUP\昶甫\RESET\PTPCONTROL\DEBUG\SAVEDATA.OBJ
D:\MYROBOTGROUP\昶甫\RESET\PTPCONTROL\DEBUG\STDAFX.OBJ
D:\MYROBOTGROUP\昶甫\RESET\PTPCONTROL\DEBUG\TOOLBOX.OBJ
D:\MYROBOTGROUP\昶甫\RESET\PTPCONTROL\DEBUG\VC110.PDB
D:\MYROBOTGROUP\亞伶\洗軸卡值\PTPCONTROL\DEBUG\CONTROL.OBJ
D:\MYROBOTGROUP\亞伶\洗軸卡值\PTPCONTROL\DEBUG\INITIALIZATION.OBJ
D:\MYROBOTGROUP\亞伶\洗軸卡值\PTPCONTROL\DEBUG\MAIN.OBJ
D:\MYROBOTGROUP\亞伶\洗軸卡值\PTPCONTROL\DEBUG\MOTIONCARD.OBJ
D:\MYROBOTGROUP\亞伶\洗軸卡值\PTPCONTROL\DEBUG\MYROBOT_ASYNCSERIAL.OBJ
D:\MYROBOTGROUP\亞伶\洗軸卡值\PTPCONTROL\DEBUG\MYROBOT_DRVCOMUNICATE.OBJ
D:\MYROBOTGROUP\亞伶\洗軸卡值\PTPCONTROL\DEBUG\MYROBOT_PROTOCOL.OBJ
D:\MYROBOTGROUP\亞伶\洗軸卡值\PTPCONTROL\DEBUG\PROTECTION.OBJ
D:\MYROBOTGROUP\亞伶\洗軸卡值\PTPCONTROL\DEBUG\PTP.OBJ
D:\MYROBOTGROUP\亞伶\洗軸卡值\PTPCONTROL\DEBUG\ROBOTMODEL.OBJ
D:\MYROBOTGROUP\亞伶\洗軸卡值\PTPCONTROL\DEBUG\SAVEDATA.OBJ
D:\MYROBOTGROUP\亞伶\洗軸卡值\PTPCONTROL\DEBUG\STDAFX.OBJ
D:\MYROBOTGROUP\亞伶\洗軸卡值\PTPCONTROL\DEBUG\TOOLBOX.OBJ
D:\MYROBOTGROUP\亞伶\洗軸卡值\PTPCONTROL\DEBUG\VC110.PDB
D:\MYROBOTGROUP\昶甫\PTPCONTROL\DEBUG\PTPCONTROL.ILK
D:\MYROBOTGROUP\昶甫\PTPCONTROL\DEBUG\PTPCONTROL.EXE
D:\MYROBOTGROUP\昶甫\PTPCONTROL\DEBUG\PTPCONTROL.PDB
D:\MYROBOTGROUP\昶甫\RESET\DEBUG\PTPCONTROL.ILK
D:\MYROBOTGROUP\昶甫\RESET\DEBUG\PTPCONTROL.EXE
D:\MYROBOTGROUP\昶甫\RESET\DEBUG\PTPCONTROL.PDB
D:\MYROBOTGROUP\亞伶\洗軸卡值\DEBUG\PTPCONTROL.ILK
D:\MYROBOTGROUP\亞伶\洗軸卡值\DEBUG\PTPCONTROL.EXE
D:\MYROBOTGROUP\亞伶\洗軸卡值\DEBUG\PTPCONTROL.PDB
D:\MyRobotGroup\亞伶\洗軸卡值\PTPControl\Debug\Control.obj
D:\MyRobotGroup\亞伶\洗軸卡值\PTPControl\Debug\Initialization.obj
D:\MyRobotGroup\亞伶\洗軸卡值\PTPControl\Debug\Main.obj
D:\MyRobotGroup\亞伶\洗軸卡值\PTPControl\Debug\MotionCard.obj
D:\MyRobotGroup\亞伶\洗軸卡值\PTPControl\Debug\MyRobot_AsyncSerial.obj
D:\MyRobotGroup\亞伶\洗軸卡值\PTPControl\Debug\MyRobot_DrvComunicate.obj
D:\MyRobotGroup\亞伶\洗軸卡值\PTPControl\Debug\MyRobot_Protocol.obj
D:\MyRobotGroup\亞伶\洗軸卡值\PTPControl\Debug\Protection.obj
D:\MyRobotGroup\亞伶\洗軸卡值\PTPControl\Debug\PTP.obj
D:\MyRobotGroup\亞伶\洗軸卡值\PTPControl\Debug\RobotModel.obj
D:\MyRobotGroup\亞伶\洗軸卡值\PTPControl\Debug\SaveData.obj
D:\MyRobotGroup\亞伶\洗軸卡值\PTPControl\Debug\stdafx.obj
D:\MyRobotGroup\亞伶\洗軸卡值\PTPControl\Debug\Toolbox.obj
D:\MyRobotGroup\亞伶\洗軸卡值\PTPControl\Debug\cl.command.1.tlog
D:\MyRobotGroup\亞伶\洗軸卡值\PTPControl\Debug\CL.read.1.tlog
D:\MyRobotGroup\亞伶\洗軸卡值\PTPControl\Debug\CL.write.1.tlog
D:\MyRobotGroup\亞伶\洗軸卡值\PTPControl\Debug\link-cvtres.read.1.tlog
D:\MyRobotGroup\亞伶\洗軸卡值\PTPControl\Debug\link-cvtres.write.1.tlog
D:\MyRobotGroup\亞伶\洗軸卡值\PTPControl\Debug\link-rc.read.1.tlog
D:\MyRobotGroup\亞伶\洗軸卡值\PTPControl\Debug\link-rc.write.1.tlog
D:\MyRobotGroup\亞伶\洗軸卡值\PTPControl\Debug\link.command.1.tlog
D:\MyRobotGroup\亞伶\洗軸卡值\PTPControl\Debug\link.read.1.tlog
D:\MyRobotGroup\亞伶\洗軸卡值\PTPControl\Debug\link.write.1.tlog
D:\MyRobotGroup\亞伶\洗軸卡值\PTPControl\Debug\vc110.idb
D:\MyRobotGroup\亞伶\洗軸卡值\PTPControl\Debug\vc110.pdb
D:\MyRobotGroup\亞伶\洗軸卡值\Debug\PTPControl.pdb
D:\MyRobotGroup\亞伶\洗軸卡值\Debug\PTPControl.exe
D:\MyRobotGroup\亞伶\洗軸卡值\Debug\PTPControl.ilk
